procs -----------memory---------- ---swap-- -----io---- --system-- -----cpu------ ---timestamp---
 r  b   swpd   free   buff  cache   si   so    bi    bo   in   cs us sy id wa st
16  0      0  96004 576064 3449316    0    0     0     0 24531 16729 84  3 13  0  0     2017-08-18 10:44:05 CEST
16  0      0  93752 576064 3451256    0    0     0     0 24020 15215 87  3 11  0  0     2017-08-18 10:44:09 CEST
10  0      0  91688 576064 3453196    0    0     0     1 24352 15590 86  2 11  0  0     2017-08-18 10:44:13 CEST
13  0      9  89816 576072 3455040    0    0     0    17 23619 14064 89  2  8  0  0     2017-08-18 10:44:17 CEST
20  0      0  93340 576020 3451152    0    0     1    11 24669 15311 90  2  7  0  0     2017-08-18 10:44:21 CEST
13  0      0  91624 576028 3452924    0    0     0     4 23835 14669 91  2  7  0  0     2017-08-18 10:44:25 CEST
17  0      0  88664 576028 3455064    0    0     0     0 25809 18240 86  3 12  0  0     2017-08-18 10:44:29 CEST
16  0      0  91928 576020 3452100    0    0     0    13 24114 13548 91  2  6  0  0     2017-08-18 10:44:33 CEST
13  0      0  89832 576020 3454164    0    0     0    24 24504 15806 85  3 12  0  0     2017-08-18 10:44:37 CEST
19  0      0  92932 576008 3451220    0    0     1     0 24883 14386 88  2 10  0  0     2017-08-18 10:44:41 CEST
16  0      0  91332 576016 3453044    0    0     0     4 23949 14696 88  2 10  0  0     2017-08-18 10:44:45 CEST
11  0      6  89012 576016 3455164    0    0     0     9 25158 16894 84  2 14  0  0     2017-08-18 10:44:49 CEST
11  0      0  92320 576000 3452208    0    0     0    22 25971 16873 84  3 13  0  0     2017-08-18 10:44:53 CEST
 9  0      0  90664 576008 3454324    0    0     0     3 25088 16552 84  3 13  0  0     2017-08-18 10:44:57 CEST
14  0      0  88880 576016 3456536    0    0     1    12 25046 16528 84  2 14  0  0     2017-08-18 10:45:01 CEST
17  0      0  92104 575984 3453836    0    0     0     1 27035 19538 83  3 14  0  0     2017-08-18 10:45:05 CEST
 8  0      0  90676 575984 3455888    0    0     0    19 24808 16697 85  3 13  0  0     2017-08-18 10:45:09 CEST
13  0      0  92756 575956 3453396    0    0     0    20 24920 14281 88  2  9  0  0     2017-08-18 10:45:13 CEST
14  0      0  95360 575948 3450548    0    0     0     7 25185 14213 87  2 11  0  0     2017-08-18 10:45:17 CEST
11  0      0  92988 575956 3452796    0    0     1     5 25034 14447 85  3 12  0  0     2017-08-18 10:45:21 CEST
15  0      0  90980 575956 3455068    0    0     0     0 24841 14354 85  2 13  0  0     2017-08-18 10:45:25 CEST
procs -----------memory---------- ---swap-- -----io---- --system-- -----cpu------ ---timestamp---
 r  b   swpd   free   buff  cache   si   so    bi    bo   in   cs us sy id wa st
 0  0      0  91820 575916 3454308    0    0     0    15 10987 9663 24  1 75  0  0      2017-08-18 10:45:29 CEST
 0  0      0  93448 575896 3453412    0    0     0     0 4668 3891  7  0 92  0  0       2017-08-18 10:45:33 CEST
 2  0      8  89332 575896 3457604    0    0     0     3 4519 3891  8  0 92  0  0       2017-08-18 10:45:37 CEST
 0  0      0  90968 575760 3456596    0    0     1     0 4803 4117  9  0 90  0  0       2017-08-18 10:45:41 CEST
 1  0      0  91704 575756 3456160    0    0     0     9 4613 3895  8  0 92  0  0       2017-08-18 10:45:45 CEST
 1  0      0  92820 575684 3455804    0    0     0    26 4600 4083  8  0 92  0  0       2017-08-18 10:45:49 CEST
 1  0      0  93192 575660 3455348    0    0     7    12 4604 3992  7  0 92  0  0       2017-08-18 10:45:53 CEST
 1  0      0  89100 575668 3459612    0    0     6    15 4640 4191  8  0 91  0  0       2017-08-18 10:45:57 CEST
 2  0      0  90540 575220 3459160    0    0     1    19 4631 4032  8  0 92  0  0       2017-08-18 10:46:01 CEST
 1  0      0  92408 575192 3457600    0    0     0     0 4405 3644  7  0 92  1  0       2017-08-18 10:46:05 CEST
 0  0      0  93300 575040 3457256    0    0     0     6 4535 3989  8  0 92  0  0       2017-08-18 10:46:09 CEST
 0  0      0  89084 575044 3461188    0    0     1     1 4542 3882  8  0 92  0  0       2017-08-18 10:46:13 CEST
 1  0      0  89960 575024 3460756    0    0     0    19 4643 4039  8  0 92  0  0       2017-08-18 10:46:17 CEST
 1  0      0  90704 575004 3460328    0    0     1    51 4570 3921  7  0 92  0  0       2017-08-18 10:46:21 CEST
 1  0      0  92192 574980 3459416    0    0     0    69 4518 4061  8  0 92  0  0       2017-08-18 10:46:25 CEST
 1  0      0  92680 574940 3458984    0    0     0     0 4540 3934  8  0 92  0  0       2017-08-18 10:46:29 CEST
